#
# There is insufficient memory for the Java Runtime Environment to continue.
# Native memory allocation (malloc) failed to allocate 32744 bytes for ChunkPool::allocate
# Possible reasons:
#   The system is out of physical RAM or swap space
#   The process is running with CompressedOops enabled, and the Java Heap may be blocking the growth of the native heap
# Possible solutions:
#   Reduce memory load on the system
#   Increase physical memory or swap space
#   Check if swap backing store is full
#   Decrease Java heap size (-Xmx/-Xms)
#   Decrease number of Java threads
#   Decrease Java thread stack sizes (-Xss)
#   Set larger code cache with -XX:ReservedCodeCacheSize=
#   JVM is running with Unscaled Compressed Oops mode in which the Java heap is
#     placed in the first 4GB address space. The Java Heap base address is the
#     maximum limit for the native heap growth. Please use -XX:HeapBaseMinAddress
#     to set the Java Heap base and to place the Java Heap above 4GB virtual address.
# This output file may be truncated or incomplete.
#
#  Out of Memory Error (arena.cpp:79), pid=6564, tid=3504
#
# JRE version:  (17.0.9+9) (build )
# Java VM: OpenJDK 64-Bit Server VM (17.0.9+9, mixed mode, sharing, tiered, compressed oops, compressed class ptrs, g1 gc, windows-amd64)
# No core dump will be written. Minidumps are not enabled by default on client versions of Windows
#

---------------  S U M M A R Y ------------

Command Line: -Xmx64m -Xms64m -Dorg.gradle.appname=gradlew org.gradle.wrapper.GradleWrapperMain app:installDebug -PreactNativeDevServerPort=8081

Host: 11th Gen Intel(R) Core(TM) i3-1115G4 @ 3.00GHz, 4 cores, 7G,  Windows 11 , 64 bit Build 22621 (10.0.22621.5124)
Time: Tue May  6 21:54:18 2025 India Standard Time elapsed time: 0.012048 seconds (0d 0h 0m 0s)

---------------  T H R E A D  ---------------

Current thread (0x00000281d64476d0):  JavaThread "Unknown thread" [_thread_in_vm, id=3504, stack(0x000000a792200000,0x000000a792300000)]

Stack: [0x000000a792200000,0x000000a792300000]
Native frames: (J=compiled Java code, j=interpreted, Vv=VM code, C=native code)
V  [jvm.dll+0x67cf49]
V  [jvm.dll+0x83478a]
V  [jvm.dll+0x83624e]
V  [jvm.dll+0x8368b3]
V  [jvm.dll+0x247f1f]
V  [jvm.dll+0xac65c]
V  [jvm.dll+0xaca8c]
V  [jvm.dll+0x2a2351]
V  [jvm.dll+0x604bc4]
V  [jvm.dll+0x605339]
V  [jvm.dll+0x36cf09]
V  [jvm.dll+0x7e4aac]
V  [jvm.dll+0x3f07af]
V  [jvm.dll+0x3f23e1]
C  [jli.dll+0x528f]
C  [ucrtbase.dll+0x29333]
C  [KERNEL32.DLL+0x1259d]
C  [ntdll.dll+0x5af38]


---------------  P R O C E S S  ---------------

Threads class SMR info:
_java_thread_list=0x00007ff8ba1dee98, length=0, elements={
}

Java Threads: ( => current thread )

Other Threads:

=>0x00000281d64476d0 (exited) JavaThread "Unknown thread" [_thread_in_vm, id=3504, stack(0x000000a792200000,0x000000a792300000)]

Threads with active compile tasks:

VM state: not at safepoint (not fully initialized)

VM Mutex/Monitor currently owned by a thread: None

Heap address: 0x0000000000000000, size: 0 MB, Compressed Oops mode: 32-bit

CDS archive(s) mapped at: [0x0000000000000000-0x0000000000000000-0x0000000000000000), size 0, SharedBaseAddress: 0x0000000800000000, ArchiveRelocationMode: 1.
Narrow klass base: 0x0000000000000000, Narrow klass shift: 0, Narrow klass range: 0x0

GC Precious Log:
<Not initialized>

Dll operation events (0 events):
No events

Deoptimization events (0 events):
No events

Classes unloaded (0 events):
No events

Classes redefined (0 events):
No events

Internal exceptions (0 events):
No events

VM Operations (0 events):
No events

Events (0 events):
No events


Dynamic libraries:
0x00007ff61de10000 - 0x00007ff61de1e000 	C:\Users\vivek\AppData\Local\Programs\Eclipse Adoptium\jdk-17.0.9.9-hotspot\bin\java.exe
0x00007ff990c30000 - 0x00007ff990e47000 	C:\WINDOWS\SYSTEM32\ntdll.dll
0x00007ff990240000 - 0x00007ff990304000 	C:\WINDOWS\System32\KERNEL32.DLL
0x00007ff98e0a0000 - 0x00007ff98e473000 	C:\WINDOWS\System32\KERNELBASE.dll
0x00007ff98e5d0000 - 0x00007ff98e6e1000 	C:\WINDOWS\System32\ucrtbase.dll
0x00007ff94e4b0000 - 0x00007ff94e4cb000 	C:\Users\vivek\AppData\Local\Programs\Eclipse Adoptium\jdk-17.0.9.9-hotspot\bin\VCRUNTIME140.dll
0x00007ff94e490000 - 0x00007ff94e4a7000 	C:\Users\vivek\AppData\Local\Programs\Eclipse Adoptium\jdk-17.0.9.9-hotspot\bin\jli.dll
0x00007ff98ebc0000 - 0x00007ff98ed71000 	C:\WINDOWS\System32\USER32.dll
0x00007ff970270000 - 0x00007ff970508000 	C:\WINDOWS\WinSxS\amd64_microsoft.windows.common-controls_6595b64144ccf1df_6.0.22621.5124_none_270e8f4f7386d69d\COMCTL32.dll
0x00007ff98e5a0000 - 0x00007ff98e5c6000 	C:\WINDOWS\System32\win32u.dll
0x00007ff98ea50000 - 0x00007ff98eaf7000 	C:\WINDOWS\System32\msvcrt.dll
0x00007ff98ee70000 - 0x00007ff98ee99000 	C:\WINDOWS\System32\GDI32.dll
0x00007ff98e480000 - 0x00007ff98e59b000 	C:\WINDOWS\System32\gdi32full.dll
0x00007ff98e830000 - 0x00007ff98e8ca000 	C:\WINDOWS\System32\msvcp_win.dll
0x00007ff98fff0000 - 0x00007ff990021000 	C:\WINDOWS\System32\IMM32.DLL
0x00007ff94e480000 - 0x00007ff94e48c000 	C:\Users\vivek\AppData\Local\Programs\Eclipse Adoptium\jdk-17.0.9.9-hotspot\bin\vcruntime140_1.dll
0x00007ff8ba320000 - 0x00007ff8ba3ad000 	C:\Users\vivek\AppData\Local\Programs\Eclipse Adoptium\jdk-17.0.9.9-hotspot\bin\msvcp140.dll
0x00007ff8b96b0000 - 0x00007ff8ba311000 	C:\Users\vivek\AppData\Local\Programs\Eclipse Adoptium\jdk-17.0.9.9-hotspot\bin\server\jvm.dll
0x00007ff98eb00000 - 0x00007ff98ebb1000 	C:\WINDOWS\System32\ADVAPI32.dll
0x00007ff990320000 - 0x00007ff9903c8000 	C:\WINDOWS\System32\sechost.dll
0x00007ff98de80000 - 0x00007ff98dea8000 	C:\WINDOWS\System32\bcrypt.dll
0x00007ff990030000 - 0x00007ff990144000 	C:\WINDOWS\System32\RPCRT4.dll
0x00007ff946f50000 - 0x00007ff946f59000 	C:\WINDOWS\SYSTEM32\WSOCK32.dll
0x00007ff9906f0000 - 0x00007ff990761000 	C:\WINDOWS\System32\WS2_32.dll
0x00007ff98dc10000 - 0x00007ff98dc5d000 	C:\WINDOWS\SYSTEM32\POWRPROF.dll
0x00007ff9851e0000 - 0x00007ff985214000 	C:\WINDOWS\SYSTEM32\WINMM.dll
0x00007ff984fb0000 - 0x00007ff984fba000 	C:\WINDOWS\SYSTEM32\VERSION.dll
0x00007ff98dbf0000 - 0x00007ff98dc03000 	C:\WINDOWS\SYSTEM32\UMPDC.dll
0x00007ff98cd70000 - 0x00007ff98cd88000 	C:\WINDOWS\SYSTEM32\kernel.appcore.dll
0x00007ff92a6a0000 - 0x00007ff92a6aa000 	C:\Users\vivek\AppData\Local\Programs\Eclipse Adoptium\jdk-17.0.9.9-hotspot\bin\jimage.dll
0x00007ff98afe0000 - 0x00007ff98b212000 	C:\WINDOWS\SYSTEM32\DBGHELP.DLL
0x00007ff98ef40000 - 0x00007ff98f2d2000 	C:\WINDOWS\System32\combase.dll
0x00007ff98ed80000 - 0x00007ff98ee57000 	C:\WINDOWS\System32\OLEAUT32.dll
0x00007ff96c250000 - 0x00007ff96c282000 	C:\WINDOWS\SYSTEM32\dbgcore.DLL
0x00007ff98dd40000 - 0x00007ff98ddbb000 	C:\WINDOWS\System32\bcryptPrimitives.dll

dbghelp: loaded successfully - version: 4.0.5 - missing functions: none
symbol engine: initialized successfully - sym options: 0x614 - pdb path: .;C:\Users\vivek\AppData\Local\Programs\Eclipse Adoptium\jdk-17.0.9.9-hotspot\bin;C:\WINDOWS\SYSTEM32;C:\WINDOWS\WinSxS\amd64_microsoft.windows.common-controls_6595b64144ccf1df_6.0.22621.5124_none_270e8f4f7386d69d;C:\Users\vivek\AppData\Local\Programs\Eclipse Adoptium\jdk-17.0.9.9-hotspot\bin\server

VM Arguments:
jvm_args: -Xmx64m -Xms64m -Dorg.gradle.appname=gradlew 
java_command: org.gradle.wrapper.GradleWrapperMain app:installDebug -PreactNativeDevServerPort=8081
java_class_path (initial): D:\Volts\Voltage\android\\gradle\wrapper\gradle-wrapper.jar
Launcher Type: SUN_STANDARD

[Global flags]
     uint ConcGCThreads                            = 1                                         {product} {ergonomic}
     uint G1ConcRefinementThreads                  = 4                                         {product} {ergonomic}
    uintx GCDrainStackTargetSize                   = 64                                        {product} {ergonomic}
   size_t InitialHeapSize                          = 67108864                                  {product} {command line}
   size_t MarkStackSize                            = 4194304                                   {product} {ergonomic}
   size_t MaxHeapSize                              = 67108864                                  {product} {command line}
   size_t MinHeapSize                              = 67108864                                  {product} {command line}
    uintx ReservedCodeCacheSize                    = 251658240                              {pd product} {ergonomic}
     bool SegmentedCodeCache                       = true                                      {product} {ergonomic}
     bool UseCompressedClassPointers               = true                           {product lp64_product} {ergonomic}
     bool UseCompressedOops                        = true                           {product lp64_product} {ergonomic}
     bool UseG1GC                                  = true                                      {product} {ergonomic}
     bool UseLargePagesIndividualAllocation        = false                                  {pd product} {ergonomic}

Logging:
Log output configuration:
 #0: stdout all=warning uptime,level,tags
 #1: stderr all=off uptime,level,tags

Environment Variables:
JAVA_HOME=C:\Users\vivek\AppData\Local\Programs\Eclipse Adoptium\jdk-17.0.9.9-hotspot\
CLASSPATH=D:\Volts\Voltage\android\\gradle\wrapper\gradle-wrapper.jar
PATH=D:\Volts\Voltage\node_modules\.bin;D:\Volts\Voltage\node_modules\.bin;D:\Volts\node_modules\.bin;D:\node_modules\.bin;C:\Program Files\nodejs\node_modules\npm\node_modules\@npmcli\run-script\lib\node-gyp-bin;C:\WINDOWS\system32;C:\WINDOWS;C:\WINDOWS\System32\Wbem;C:\WINDOWS\System32\WindowsPowerShell\v1.0\;C:\WINDOWS\System32\OpenSSH\;C:\Program Files\MongoDB\mongosh-2.0.2-win32-x64\bin;C:\Program Files\MongoDB\Server\7.0\bin;C:\Program Files\Git\cmd;C:\Program Files\nodejs\;C:\Users\vivek\AppData\Local\Android\Sdk\platform-tools;C:\Users\vivek\AppData\Local\Android\Sdk\tools;C:\Users\vivek\AppData\Local\Android\Sdk\platform-tools;C:\Users\vivek\AppData\Local\Android\Sdk\tools;C:\Users\vivek\AppData\Local\Programs\Python\Python312\Scripts\;C:\Users\vivek\AppData\Local\Programs\Python\Python312\;C:\Users\vivek\AppData\Local\Programs\Python\Launcher\;C:\Users\vivek\AppData\Local\Programs\Eclipse Adoptium\jdk-17.0.9.9-hotspot\bin;C:\Users\vivek\AppData\Local\Microsoft\WindowsApps;C:\MinGW\bin;C:\msys64\ucrt64\bin;C:\Users\vivek\AppData\Local\Microsoft\WinGet\Packages\Schniz.fnm_Microsoft.Winget.Source_8wekyb3d8bbwe;C:\Users\vivek\AppData\Local\GitHubDesktop\bin;C:\Users\vivek\Desktop\Microsoft VS Code\bin;C:\Users\vivek\AppData\Roaming\npm
USERNAME=vivek
OS=Windows_NT
PROCESSOR_IDENTIFIER=Intel64 Family 6 Model 140 Stepping 1, GenuineIntel
TMP=C:\Users\vivek\AppData\Local\Temp
TEMP=C:\Users\vivek\AppData\Local\Temp



Periodic native trim disabled


---------------  S Y S T E M  ---------------

OS:
 Windows 11 , 64 bit Build 22621 (10.0.22621.5124)
OS uptime: 0 days 0:32 hours

CPU: total 4 (initial active 4) 
Processor Information for all 4 processors :
  Max Mhz: 2901, Current Mhz: 2901, Mhz Limit: 2901

Memory: 4k page, system-wide physical 7834M (742M free)
TotalPageFile size 16664M (AvailPageFile size 0M)
current process WorkingSet (physical memory assigned to process): 9M, peak: 9M
current process commit charge ("private bytes"): 3M, peak: 3M

vm_info: OpenJDK 64-Bit Server VM (17.0.9+9) for windows-amd64 JRE (17.0.9+9), built on Oct 26 2023 14:01:42 by "admin" with MS VC++ 16.10 / 16.11 (VS2019)

END.
